  Main.cpp
d:\opencv\build\include\opencv2\core\mat.hpp(1965): warning C4819: The file contains a character that cannot be represented in the current code page (950). Save the file in Unicode format to prevent data loss
d:\opencv\build\include\opencv2\core\persistence.hpp : warning C4819: The file contains a character that cannot be represented in the current code page (950). Save the file in Unicode format to prevent data loss
d:\opencv\build\include\opencv2\core\utility.hpp : warning C4819: The file contains a character that cannot be represented in the current code page (950). Save the file in Unicode format to prevent data loss
d:\opencv\build\include\opencv2\core\utility.hpp : warning C4819: The file contains a character that cannot be represented in the current code page (950). Save the file in Unicode format to prevent data loss
c:\users\cglab\documents\visual studio 2015\projects\facedetection\facedetection\connectedcomponent.h(4): warning C4067: unexpected tokens following preprocessor directive - expected a newline
c:\users\cglab\documents\visual studio 2015\projects\facedetection\facedetection\main.cpp(69): error C2371: 'result': redefinition; different basic types
  c:\users\cglab\documents\visual studio 2015\projects\facedetection\facedetection\main.cpp(28): note: see declaration of 'result'
c:\users\cglab\documents\visual studio 2015\projects\facedetection\facedetection\main.cpp(69): error C2512: 'ConnectedComponent': no appropriate default constructor available
  c:\users\cglab\documents\visual studio 2015\projects\facedetection\facedetection\connectedcomponent.h(10): note: see declaration of 'ConnectedComponent'
c:\users\cglab\documents\visual studio 2015\projects\facedetection\facedetection\main.cpp(158): warning C4244: 'argument': conversion from 'float' to 'int', possible loss of data
c:\users\cglab\documents\visual studio 2015\projects\facedetection\facedetection\main.cpp(226): warning C4244: '=': conversion from 'float' to 'int', possible loss of data
  ConnectedComponent.cpp
d:\opencv\build\include\opencv2\core\mat.hpp(1965): warning C4819: The file contains a character that cannot be represented in the current code page (950). Save the file in Unicode format to prevent data loss
d:\opencv\build\include\opencv2\core\persistence.hpp : warning C4819: The file contains a character that cannot be represented in the current code page (950). Save the file in Unicode format to prevent data loss
d:\opencv\build\include\opencv2\core\utility.hpp : warning C4819: The file contains a character that cannot be represented in the current code page (950). Save the file in Unicode format to prevent data loss
d:\opencv\build\include\opencv2\core\utility.hpp : warning C4819: The file contains a character that cannot be represented in the current code page (950). Save the file in Unicode format to prevent data loss
c:\users\cglab\documents\visual studio 2015\projects\facedetection\facedetection\connectedcomponent.h(4): warning C4067: unexpected tokens following preprocessor directive - expected a newline
c:\users\cglab\documents\visual studio 2015\projects\facedetection\facedetection\connectedcomponent.cpp(82): error C2065: 'cout': undeclared identifier
c:\users\cglab\documents\visual studio 2015\projects\facedetection\facedetection\connectedcomponent.cpp(84): warning C4244: 'argument': conversion from 'float' to 'int', possible loss of data
c:\users\cglab\documents\visual studio 2015\projects\facedetection\facedetection\connectedcomponent.cpp(144): error C2065: 'cerr': undeclared identifier
  Generating Code...
